<?xml version="1.0" encoding="UTF-8"?>
<!-- Generated by org.testng.reporters.JUnitXMLReporter -->
<testsuite ignored="0" hostname="LAPTOP-FK0P9GCU" failures="1" tests="4" name="errorTest" time="25.662" errors="0" timestamp="2026-02-19T13:29:11 IST">
  <testcase classname="QualityAssurance.Tests.Errorvalidation" name="loginerrorvalidation" time="6.238"/>
  <testcase classname="QualityAssurance.Tests.Errorvalidation" name="loginerrorvalidation" time="5.716">
    <skipped/>
  </testcase> <!-- loginerrorvalidation -->
  <testcase classname="QualityAssurance.Tests.Errorvalidation" name="loginerrorvalidation" time="5.643">
    <failure type="java.lang.AssertionError" message="expected [Incorrect email or password.] but found [Login Successfully]">
      <![CDATA[java.lang.AssertionError: expected [Incorrect email or password.] but found [Login Successfully]
at QualityAssurance.Tests.Errorvalidation.loginerrorvalidation(Errorvalidation.java:25)
at java.base/java.util.ArrayList.forEach(ArrayList.java:1511)
... Removed 33 stack frames]]>
    </failure>
  </testcase> <!-- loginerrorvalidation -->
  <testcase classname="QualityAssurance.Tests.Errorvalidation" name="producterrorvalidations" time="7.144"/>
</testsuite> <!-- errorTest -->
