<?xml version="1.0" encoding="UTF-8"?>
<!-- Generated by org.testng.reporters.JUnitXMLReporter -->
<testsuite ignored="0" hostname="LAPTOP-FK0P9GCU" failures="0" tests="3" name="Test" time="34.912" errors="0" timestamp="2026-02-17T22:09:24 IST">
  <testcase classname="QualityAssurance.Tests.Standalone" name="submitorder" time="12.807"/>
  <testcase classname="QualityAssurance.Tests.Errorvalidation" name="loginerrorvalidation" time="6.604"/>
  <testcase classname="QualityAssurance.Tests.Errorvalidation" name="producterrorvalidation" time="9.815"/>
</testsuite> <!-- Test -->
